  1.cpp
C:\Users\vitdu\source\repos\MPI\MPI\1.cpp(7,9): warning C4101: sum: неиспользованная локальная переменная
C:\Users\vitdu\source\repos\MPI\MPI\1.cpp(6,16): warning C4101: st: неиспользованная локальная переменная
  10.cpp
C:\Users\vitdu\source\repos\MPI\MPI\10.cpp(14,12): warning C4244: аргумент: преобразование "time_t" в "unsigned int", возможна потеря данных
  2.cpp
C:\Users\vitdu\source\repos\MPI\MPI\2.cpp(17,15): warning C4244: аргумент: преобразование "time_t" в "unsigned int", возможна потеря данных
C:\Users\vitdu\source\repos\MPI\MPI\2.cpp(6,16): warning C4101: st: неиспользованная локальная переменная
  3.cpp
C:\Users\vitdu\source\repos\MPI\MPI\3.cpp(18,15): warning C4244: аргумент: преобразование "time_t" в "unsigned int", возможна потеря данных
C:\Users\vitdu\source\repos\MPI\MPI\3.cpp(6,16): warning C4101: st: неиспользованная локальная переменная
  4.cpp
C:\Users\vitdu\source\repos\MPI\MPI\4.cpp(26,15): warning C4244: аргумент: преобразование "time_t" в "unsigned int", возможна потеря данных
  5.cpp
C:\Users\vitdu\source\repos\MPI\MPI\5.cpp(19,15): warning C4244: аргумент: преобразование "time_t" в "unsigned int", возможна потеря данных
  6.cpp
C:\Users\vitdu\source\repos\MPI\MPI\6.cpp(18,19): warning C4244: аргумент: преобразование "time_t" в "unsigned int", возможна потеря данных
  7.cpp
C:\Users\vitdu\source\repos\MPI\MPI\7.cpp(13,12): warning C4244: аргумент: преобразование "time_t" в "unsigned int", возможна потеря данных
  8.cpp
C:\Users\vitdu\source\repos\MPI\MPI\8.cpp(11,12): warning C4244: аргумент: преобразование "time_t" в "unsigned int", возможна потеря данных
  9.cpp
C:\Users\vitdu\source\repos\MPI\MPI\9.cpp(11,12): warning C4244: аргумент: преобразование "time_t" в "unsigned int", возможна потеря данных
  Main.cpp
  MPI Tutorial.cpp
C:\Users\vitdu\source\repos\MPI\MPI\MPI Tutorial.cpp(18,15): warning C4244: аргумент: преобразование "time_t" в "unsigned int", возможна потеря данных
C:\Users\vitdu\source\repos\MPI\MPI\MPI Tutorial.cpp(7,16): warning C4101: st: неиспользованная локальная переменная
  Создание кода
  5 of 6 functions (83.3%) were compiled, the rest were copied from previous compilation.
    2 functions were new in current compilation
    0 functions had inline decision re-evaluated but remain unchanged
  Создание кода завершено
  MPI.vcxproj -> C:\Users\vitdu\source\repos\MPI\Release\MPI.exe
